Determining if the include file xlocale.h exists failed with the following output:
Change Dir: /home/kucerp28/projects/ESW/labs/lab01/json-c-build/CMakeFiles/CMakeScratch/TryCompile-4czMVN

Run Build Command(s):/usr/bin/gmake -f Makefile cmTC_53e10/fast && /usr/bin/gmake  -f CMakeFiles/cmTC_53e10.dir/build.make CMakeFiles/cmTC_53e10.dir/build
gmake[1]: Entering directory '/home/kucerp28/projects/ESW/labs/lab01/json-c-build/CMakeFiles/CMakeScratch/TryCompile-4czMVN'
Building C object CMakeFiles/cmTC_53e10.dir/CheckIncludeFile.c.o
/usr/bin/cc -D_GNU_SOURCE  -fPIE -o CMakeFiles/cmTC_53e10.dir/CheckIncludeFile.c.o -c /home/kucerp28/projects/ESW/labs/lab01/json-c-build/CMakeFiles/CMakeScratch/TryCompile-4czMVN/CheckIncludeFile.c
/home/kucerp28/projects/ESW/labs/lab01/json-c-build/CMakeFiles/CMakeScratch/TryCompile-4czMVN/CheckIncludeFile.c:1:10: fatal error: xlocale.h: No such file or directory
    1 | #include <xlocale.h>
      |          ^~~~~~~~~~~
compilation terminated.
gmake[1]: *** [CMakeFiles/cmTC_53e10.dir/build.make:78: CMakeFiles/cmTC_53e10.dir/CheckIncludeFile.c.o] Error 1
gmake[1]: Leaving directory '/home/kucerp28/projects/ESW/labs/lab01/json-c-build/CMakeFiles/CMakeScratch/TryCompile-4czMVN'
gmake: *** [Makefile:127: cmTC_53e10/fast] Error 2



Determining if the _isnan exist failed with the following output:
Change Dir: /home/kucerp28/projects/ESW/labs/lab01/json-c-build/CMakeFiles/CMakeScratch/TryCompile-aiu5FX

Run Build Command(s):/usr/bin/gmake -f Makefile cmTC_0b382/fast && /usr/bin/gmake  -f CMakeFiles/cmTC_0b382.dir/build.make CMakeFiles/cmTC_0b382.dir/build
gmake[1]: Entering directory '/home/kucerp28/projects/ESW/labs/lab01/json-c-build/CMakeFiles/CMakeScratch/TryCompile-aiu5FX'
Building C object CMakeFiles/cmTC_0b382.dir/CheckSymbolExists.c.o
/usr/bin/cc -D_GNU_SOURCE  -fPIE -o CMakeFiles/cmTC_0b382.dir/CheckSymbolExists.c.o -c /home/kucerp28/projects/ESW/labs/lab01/json-c-build/CMakeFiles/CMakeScratch/TryCompile-aiu5FX/CheckSymbolExists.c
/home/kucerp28/projects/ESW/labs/lab01/json-c-build/CMakeFiles/CMakeScratch/TryCompile-aiu5FX/CheckSymbolExists.c: In function ‘main’:
/home/kucerp28/projects/ESW/labs/lab01/json-c-build/CMakeFiles/CMakeScratch/TryCompile-aiu5FX/CheckSymbolExists.c:8:19: error: ‘_isnan’ undeclared (first use in this function)
    8 |   return ((int*)(&_isnan))[argc];
      |                   ^~~~~~
/home/kucerp28/projects/ESW/labs/lab01/json-c-build/CMakeFiles/CMakeScratch/TryCompile-aiu5FX/CheckSymbolExists.c:8:19: note: each undeclared identifier is reported only once for each function it appears in
gmake[1]: *** [CMakeFiles/cmTC_0b382.dir/build.make:78: CMakeFiles/cmTC_0b382.dir/CheckSymbolExists.c.o] Error 1
gmake[1]: Leaving directory '/home/kucerp28/projects/ESW/labs/lab01/json-c-build/CMakeFiles/CMakeScratch/TryCompile-aiu5FX'
gmake: *** [Makefile:127: cmTC_0b382/fast] Error 2


File CheckSymbolExists.c:
/* */
#include <float.h>

int main(int argc, char** argv)
{
  (void)argv;
#ifndef _isnan
  return ((int*)(&_isnan))[argc];
#else
  (void)argc;
  return 0;
#endif
}
Determining if the _finite exist failed with the following output:
Change Dir: /home/kucerp28/projects/ESW/labs/lab01/json-c-build/CMakeFiles/CMakeScratch/TryCompile-hfS6Hl

Run Build Command(s):/usr/bin/gmake -f Makefile cmTC_3a79a/fast && /usr/bin/gmake  -f CMakeFiles/cmTC_3a79a.dir/build.make CMakeFiles/cmTC_3a79a.dir/build
gmake[1]: Entering directory '/home/kucerp28/projects/ESW/labs/lab01/json-c-build/CMakeFiles/CMakeScratch/TryCompile-hfS6Hl'
Building C object CMakeFiles/cmTC_3a79a.dir/CheckSymbolExists.c.o
/usr/bin/cc -D_GNU_SOURCE  -fPIE -o CMakeFiles/cmTC_3a79a.dir/CheckSymbolExists.c.o -c /home/kucerp28/projects/ESW/labs/lab01/json-c-build/CMakeFiles/CMakeScratch/TryCompile-hfS6Hl/CheckSymbolExists.c
/home/kucerp28/projects/ESW/labs/lab01/json-c-build/CMakeFiles/CMakeScratch/TryCompile-hfS6Hl/CheckSymbolExists.c: In function ‘main’:
/home/kucerp28/projects/ESW/labs/lab01/json-c-build/CMakeFiles/CMakeScratch/TryCompile-hfS6Hl/CheckSymbolExists.c:8:19: error: ‘_finite’ undeclared (first use in this function)
    8 |   return ((int*)(&_finite))[argc];
      |                   ^~~~~~~
/home/kucerp28/projects/ESW/labs/lab01/json-c-build/CMakeFiles/CMakeScratch/TryCompile-hfS6Hl/CheckSymbolExists.c:8:19: note: each undeclared identifier is reported only once for each function it appears in
gmake[1]: *** [CMakeFiles/cmTC_3a79a.dir/build.make:78: CMakeFiles/cmTC_3a79a.dir/CheckSymbolExists.c.o] Error 1
gmake[1]: Leaving directory '/home/kucerp28/projects/ESW/labs/lab01/json-c-build/CMakeFiles/CMakeScratch/TryCompile-hfS6Hl'
gmake: *** [Makefile:127: cmTC_3a79a/fast] Error 2


File CheckSymbolExists.c:
/* */
#include <float.h>

int main(int argc, char** argv)
{
  (void)argv;
#ifndef _finite
  return ((int*)(&_finite))[argc];
#else
  (void)argc;
  return 0;
#endif
}
Determining if the _doprnt exist failed with the following output:
Change Dir: /home/kucerp28/projects/ESW/labs/lab01/json-c-build/CMakeFiles/CMakeScratch/TryCompile-Vb8R3f

Run Build Command(s):/usr/bin/gmake -f Makefile cmTC_a1de2/fast && /usr/bin/gmake  -f CMakeFiles/cmTC_a1de2.dir/build.make CMakeFiles/cmTC_a1de2.dir/build
gmake[1]: Entering directory '/home/kucerp28/projects/ESW/labs/lab01/json-c-build/CMakeFiles/CMakeScratch/TryCompile-Vb8R3f'
Building C object CMakeFiles/cmTC_a1de2.dir/CheckSymbolExists.c.o
/usr/bin/cc -D_GNU_SOURCE  -fPIE -o CMakeFiles/cmTC_a1de2.dir/CheckSymbolExists.c.o -c /home/kucerp28/projects/ESW/labs/lab01/json-c-build/CMakeFiles/CMakeScratch/TryCompile-Vb8R3f/CheckSymbolExists.c
/home/kucerp28/projects/ESW/labs/lab01/json-c-build/CMakeFiles/CMakeScratch/TryCompile-Vb8R3f/CheckSymbolExists.c: In function ‘main’:
/home/kucerp28/projects/ESW/labs/lab01/json-c-build/CMakeFiles/CMakeScratch/TryCompile-Vb8R3f/CheckSymbolExists.c:8:19: error: ‘_doprnt’ undeclared (first use in this function)
    8 |   return ((int*)(&_doprnt))[argc];
      |                   ^~~~~~~
/home/kucerp28/projects/ESW/labs/lab01/json-c-build/CMakeFiles/CMakeScratch/TryCompile-Vb8R3f/CheckSymbolExists.c:8:19: note: each undeclared identifier is reported only once for each function it appears in
gmake[1]: *** [CMakeFiles/cmTC_a1de2.dir/build.make:78: CMakeFiles/cmTC_a1de2.dir/CheckSymbolExists.c.o] Error 1
gmake[1]: Leaving directory '/home/kucerp28/projects/ESW/labs/lab01/json-c-build/CMakeFiles/CMakeScratch/TryCompile-Vb8R3f'
gmake: *** [Makefile:127: cmTC_a1de2/fast] Error 2


File CheckSymbolExists.c:
/* */
#include <stdio.h>

int main(int argc, char** argv)
{
  (void)argv;
#ifndef _doprnt
  return ((int*)(&_doprnt))[argc];
#else
  (void)argc;
  return 0;
#endif
}
Performing C SOURCE FILE Test HAS_GNU_WARNING_LONG failed with the following output:
Change Dir: /home/kucerp28/projects/ESW/labs/lab01/json-c-build/CMakeFiles/CMakeScratch/TryCompile-FxqTbY

Run Build Command(s):/usr/bin/gmake -f Makefile cmTC_a6df7/fast && /usr/bin/gmake  -f CMakeFiles/cmTC_a6df7.dir/build.make CMakeFiles/cmTC_a6df7.dir/build
gmake[1]: Entering directory '/home/kucerp28/projects/ESW/labs/lab01/json-c-build/CMakeFiles/CMakeScratch/TryCompile-FxqTbY'
Building C object CMakeFiles/cmTC_a6df7.dir/src.c.o
/usr/bin/cc -DHAS_GNU_WARNING_LONG -D_GNU_SOURCE  -fPIE -o CMakeFiles/cmTC_a6df7.dir/src.c.o -c /home/kucerp28/projects/ESW/labs/lab01/json-c-build/CMakeFiles/CMakeScratch/TryCompile-FxqTbY/src.c
/home/kucerp28/projects/ESW/labs/lab01/json-c-build/CMakeFiles/CMakeScratch/TryCompile-FxqTbY/src.c:3:9: warning: missing terminating " character
    3 | __asm__(".section .gnu.json_object_get
      |         ^
/home/kucerp28/projects/ESW/labs/lab01/json-c-build/CMakeFiles/CMakeScratch/TryCompile-FxqTbY/src.c:3:9: error: missing terminating " character
    3 | __asm__(".section .gnu.json_object_get
      |         ^~~~~~~~~~~~~~~~~~~~~~~~~~~~~~
/home/kucerp28/projects/ESW/labs/lab01/json-c-build/CMakeFiles/CMakeScratch/TryCompile-FxqTbY/src.c:4:9: error: expected string literal before ‘.’ token
    4 |         .ascii "Please link against libjson-c instead of libjson"
      |         ^
/home/kucerp28/projects/ESW/labs/lab01/json-c-build/CMakeFiles/CMakeScratch/TryCompile-FxqTbY/src.c:5:14: warning: missing terminating " character
    5 |         .text");
      |              ^
/home/kucerp28/projects/ESW/labs/lab01/json-c-build/CMakeFiles/CMakeScratch/TryCompile-FxqTbY/src.c:5:14: error: missing terminating " character
    5 |         .text");
      |              ^~~
gmake[1]: *** [CMakeFiles/cmTC_a6df7.dir/build.make:78: CMakeFiles/cmTC_a6df7.dir/src.c.o] Error 1
gmake[1]: Leaving directory '/home/kucerp28/projects/ESW/labs/lab01/json-c-build/CMakeFiles/CMakeScratch/TryCompile-FxqTbY'
gmake: *** [Makefile:127: cmTC_a6df7/fast] Error 2


Source file was:

extern void json_object_get();
__asm__(".section .gnu.json_object_get
	.ascii "Please link against libjson-c instead of libjson"
	.text");
int main(int c, char *v) { return 0;}


